2020-05-03 21:18:24,033 INFO  [Log] *******started execution*********** 
2020-05-03 21:21:04,074 INFO  [Log] *******started execution*********** 
2020-05-04 12:48:55,637 INFO  [Log] *******started execution*********** 
2020-05-04 12:50:59,125 INFO  [Log] *******started execution*********** 
2020-05-04 12:51:05,539 INFO  [Log] Application Opened 
2020-05-04 12:51:47,252 INFO  [Log] Login completed 
2020-05-04 12:51:47,344 INFO  [Log] Logout completed 
2020-05-04 12:51:48,355 INFO  [Log] Application closed 
2020-05-04 12:53:21,900 INFO  [Log] *******started execution*********** 
2020-05-04 12:53:22,001 INFO  [Log] *******started execution*********** 
2020-05-04 12:57:44,527 INFO  [Log] *******started execution*********** 
2020-05-04 12:58:58,335 INFO  [Log] *******started execution*********** 
2020-05-04 12:59:02,466 INFO  [Log] Application Opened 
2020-05-04 12:59:06,842 INFO  [Log] Login completed 
2020-05-04 12:59:06,842 INFO  [Log] Add emp 
2020-05-04 12:59:06,842 INFO  [Log] delete emp 
2020-05-04 12:59:06,936 INFO  [Log] Logout completed 
2020-05-04 12:59:07,858 INFO  [Log] Application closed 
2020-05-04 23:39:36,726 INFO  [Log] *******started execution*********** 
2020-05-04 23:40:22,426 INFO  [Log] Application Opened 
2020-05-04 23:40:51,432 INFO  [Log] Login completed 
2020-05-04 23:40:51,574 INFO  [Log] Logout completed 
2020-05-04 23:40:53,678 INFO  [Log] Application closed 
2020-05-04 23:40:53,709 INFO  [Log] *******started execution*********** 
2020-05-04 23:41:50,937 INFO  [Log] *******started execution*********** 
2020-05-04 23:42:11,621 INFO  [Log] *******started execution*********** 
2020-05-04 23:43:07,456 INFO  [Log] *******started execution*********** 
2020-05-04 23:43:12,619 INFO  [Log] Application Opened 
2020-05-04 23:43:28,826 INFO  [Log] Login completed 
2020-05-04 23:43:28,964 INFO  [Log] Logout completed 
2020-05-04 23:43:40,019 INFO  [Log] Application closed 
2020-05-04 23:43:40,044 INFO  [Log] *******started execution*********** 
2020-05-04 23:43:44,903 INFO  [Log] Application Opened 
2020-05-04 23:43:49,708 INFO  [Log] Login completed 
2020-05-04 23:43:49,708 INFO  [Log] Add emp 
2020-05-04 23:43:49,708 INFO  [Log] delete emp 
2020-05-04 23:43:49,824 INFO  [Log] Logout completed 
2020-05-04 23:43:50,674 INFO  [Log] Application closed 
